<?xml version="1.0" encoding="UTF-8"?>
<!-- Generated by org.testng.reporters.JUnitReportReporter -->
<testsuite hostname="DESKTOP-CVGL8I0" failures="0" tests="1" name="TextExecution.SigninExecutionclass" time="7.646" errors="0" timestamp="2025-09-18T22:48:18 IST" skipped="0">
  <testcase classname="TextExecution.SigninExecutionclass" name="signinwithinvalidpassword" time="7.646"/>
</testsuite> <!-- TextExecution.SigninExecutionclass -->
