<?xml version="1.0" encoding="UTF-8"?>
<!-- Generated by org.testng.reporters.JUnitReportReporter -->
<testsuite hostname="DESKTOP-CVGL8I0" failures="0" tests="3" name="TextExecution.SigninExecutionclass" time="11.013" errors="0" timestamp="2025-09-18T23:00:20 IST" skipped="2">
  <testcase classname="TextExecution.SigninExecutionclass" name="signinpage" time="11.013"/>
  <testcase classname="TextExecution.SigninExecutionclass" name="signinloginwithotp">
    <skipped/>
  </testcase> <!-- signinloginwithotp -->
  <testcase classname="TextExecution.SigninExecutionclass" name="signinwithinvalidpassword">
    <skipped/>
  </testcase> <!-- signinwithinvalidpassword -->
</testsuite> <!-- TextExecution.SigninExecutionclass -->
