<?xml version="1.0" encoding="UTF-8"?>
<!-- Generated by org.testng.reporters.JUnitReportReporter -->
<testsuite hostname="Active34" failures="0" tests="2" name="kpoTestcaseExecution.kpoteammgmtExecutionclass" time="17.133" errors="0" timestamp="2025-09-22T17:44:28 IST" skipped="1">
  <testcase classname="kpoTestcaseExecution.kpoteammgmtExecutionclass" name="kpoupdateteammanagement" time="17.133"/>
  <testcase classname="kpoTestcaseExecution.kpoteammgmtExecutionclass" name="kpocreateteammanagement">
    <skipped/>
  </testcase> <!-- kpocreateteammanagement -->
</testsuite> <!-- kpoTestcaseExecution.kpoteammgmtExecutionclass -->
