<?xml version="1.0" encoding="UTF-8"?>
<!-- Generated by org.testng.reporters.JUnitReportReporter -->
<testsuite hostname="DESKTOP-CVGL8I0" failures="0" tests="1" name="kpoTestcaseExecution.kposigninExecustionclass" time="7.697" errors="0" timestamp="2025-09-21T15:59:22 IST" skipped="0">
  <testcase classname="kpoTestcaseExecution.kposigninExecustionclass" name="opssignin" time="7.697"/>
</testsuite> <!-- kpoTestcaseExecution.kposigninExecustionclass -->
